<?xml version="1.0" encoding="UTF-8"?>
<!-- Generated by org.testng.reporters.JUnitXMLReporter -->
<testsuite ignored="4" hostname="DESKTOP-AFT8QP2" failures="0" tests="0" time="0.009" errors="0" timestamp="2024-11-27T16:06:52 IST">
  <testcase classname="test.day3" name="APIcarloan" time="0.0">
    <ignored/>
  </testcase> <!-- APIcarloan -->
  <testcase classname="test.day3" name="Mobilelogincarloan" time="0.0">
    <ignored/>
  </testcase> <!-- Mobilelogincarloan -->
  <testcase classname="test.day3" name="Weblogincarloan" time="0.0">
    <ignored/>
  </testcase> <!-- Weblogincarloan -->
  <testcase classname="test.day3" name="Mobilesignincarloan" time="0.0">
    <ignored/>
  </testcase> <!-- Mobilesignincarloan -->
</testsuite>
